2026-03-24T11:30:52.490Z | add | 404.html
2026-03-24T11:30:52.490Z | add | LICENSE.txt
2026-03-24T11:30:52.490Z | add | README.md
2026-03-24T11:30:52.490Z | add | _headers
2026-03-24T11:30:52.490Z | add | _redirects
2026-03-24T11:30:52.490Z | add | _worker.js
2026-03-24T11:30:52.490Z | add | admin-area.html
2026-03-24T11:30:52.490Z | add | admin-orders.html
2026-03-24T11:30:52.490Z | add | akses.html
2026-03-24T11:30:52.490Z | add | appscript.js
2026-03-24T11:30:52.490Z | add | assets/seo/og-default.png
2026-03-24T11:30:52.490Z | add | assets/vendor/lucide.min.js
2026-03-24T11:30:52.490Z | add | checkout.html
2026-03-24T11:30:52.490Z | add | config.js
2026-03-24T11:30:52.490Z | add | dashboard.html
2026-03-24T11:30:52.490Z | add | index.html
2026-03-24T11:30:52.490Z | add | login.html
2026-03-24T11:30:52.490Z | add | manifest.json
2026-03-24T11:30:52.490Z | add | p.html
2026-03-24T11:30:52.490Z | add | package-lock.json
2026-03-24T11:30:52.490Z | add | package.json
2026-03-24T11:30:52.490Z | add | setup.js
2026-03-24T11:30:52.490Z | add | site.config.js
2026-03-24T11:30:52.490Z | add | tailwind.css
2026-03-24T11:30:52.490Z | add | validate-config.js
2026-03-24T11:30:52.490Z | add | wrangler.jsonc
2026-03-24T11:31:43.747Z | modify | package.json
